<?xml version="1.0" encoding="UTF-8"?>
<robot generator="Robot 3.0.2 (Jython 2.7.0 on java1.8.0_131)" generated="20170720 15:05:51.332">
<suite source="C:\Github\autotests\src\test\robotframework\acceptance" name="Acceptance" id="s1">
<suite source="C:\Github\autotests\src\test\robotframework\acceptance\gherkin.robot" name="Gherkin" id="s1-s1">
<test name="Opening a page for busses time" id="s1-s1-t1">
<kw name="Given browser is opened to Home Page">
<kw library="resource" name="Open Browser To Home Page">
<kw library="Selenium2Library" name="Open Browser">
<doc>Opens a new browser instance to given URL.&lt;br&gt;</doc>
<arguments>
<arg>${HOMEPAGE}</arg>
<arg>${BROWSER}</arg>
</arguments>
<msg level="INFO" timestamp="20170720 15:05:52.164">browserName: chrome</msg>
<msg level="INFO" timestamp="20170720 15:05:52.167">Opening browser 'chrome' to base url 'https://soiduplaan.tallinn.ee/'</msg>
<msg level="INFO" timestamp="20170720 15:05:55.728">Starting ChromeDriver 2.30.477700 (0057494ad8732195794a7b32078424f92a5fce41) on port 46549
Only local connections are allowed.</msg>
<status endtime="20170720 15:05:55.729" starttime="20170720 15:05:52.158" status="PASS"></status>
</kw>
<kw library="Selenium2Library" name="Maximize Browser Window">
<doc>Maximizes current browser window.&lt;br&gt;</doc>
<status endtime="20170720 15:05:56.868" starttime="20170720 15:05:55.729" status="PASS"></status>
</kw>
<kw library="Selenium2Library" name="Set Selenium Speed">
<doc>&lt;b&gt;(NOT IMPLEMENTED)&lt;/b&gt; Sets and returns the delay in seconds that is</doc>
<arguments>
<arg>${DELAY}</arg>
</arguments>
<status endtime="20170720 15:05:56.871" starttime="20170720 15:05:56.869" status="PASS"></status>
</kw>
<status endtime="20170720 15:05:56.872" starttime="20170720 15:05:52.157" status="PASS"></status>
</kw>
<status endtime="20170720 15:05:56.873" starttime="20170720 15:05:52.155" status="PASS"></status>
</kw>
<kw name="When User clicks on the button &quot;newer version&quot;">
<kw library="resource" name="Click on a new version">
<kw library="Selenium2Library" name="Click Link">
<doc>Click on the link identified by &lt;b&gt;locator&lt;/b&gt;.&lt;br&gt;</doc>
<arguments>
<arg>xpath=//a[@href="http://transport.tallinn.ee/index.html"]</arg>
</arguments>
<msg level="INFO" timestamp="20170720 15:05:56.878">Clicking link 'xpath=//a[@href="http://transport.tallinn.ee/index.html"]'.</msg>
<status endtime="20170720 15:05:58.111" starttime="20170720 15:05:56.876" status="PASS"></status>
</kw>
<kw library="BuiltIn" name="Sleep">
<doc>Pauses the test executed for the given time.</doc>
<arguments>
<arg>2s</arg>
</arguments>
<msg level="INFO" timestamp="20170720 15:06:00.114">Slept 2 seconds</msg>
<status endtime="20170720 15:06:00.116" starttime="20170720 15:05:58.112" status="PASS"></status>
</kw>
<status endtime="20170720 15:06:00.118" starttime="20170720 15:05:56.875" status="PASS"></status>
</kw>
<status endtime="20170720 15:06:00.119" starttime="20170720 15:05:56.874" status="PASS"></status>
</kw>
<kw name="Then User checks if he's in the right page">
<kw library="resource" name="Check page">
<kw library="Selenium2Library" name="Title Should Be">
<doc>Verify the current page title is exactly &lt;b&gt;title&lt;/b&gt;.&lt;br&gt;&lt;br&gt;&lt;b&gt;Parameters:&lt;/b&gt;&lt;br&gt;&amp;nbsp;&amp;nbsp;&amp;nbsp;&amp;nbsp;&lt;b&gt;title&lt;/b&gt;&amp;nbsp;The title to verify.&lt;br&gt;&lt;br&gt;&lt;b&gt;See Also:&lt;/b&gt;&lt;br&gt;&amp;nbsp;&amp;nbsp;&amp;nbsp;&amp;nbsp;`Title Should Not Be`&lt;br&gt;&amp;nbsp;&amp;nbsp;&amp;nbsp;&amp;nbsp;`Title Should Contain`&lt;br&gt;&amp;nbsp;&amp;nbsp;&amp;nbsp;&amp;nbsp;`Title Should Not Contain`&lt;br&gt;</doc>
<arguments>
<arg>Sõiduplaanid</arg>
</arguments>
<msg level="INFO" timestamp="20170720 15:06:00.133">Page title is 'S\xf5iduplaanid'.</msg>
<status endtime="20170720 15:06:00.134" starttime="20170720 15:06:00.123" status="PASS"></status>
</kw>
<kw library="Selenium2Library" name="Element Should Contain">
<doc>Verify the element identified by &lt;b&gt;locator&lt;/b&gt; contains &lt;b&gt;text&lt;/b&gt;.&lt;br&gt;</doc>
<arguments>
<arg>id=divContentRoutesResults</arg>
<arg>Viru keskus - Viimsi keskus</arg>
</arguments>
<msg level="INFO" timestamp="20170720 15:06:00.510">Element Should Contain: Viru keskus - Viimsi keskus =&gt; OK</msg>
<status endtime="20170720 15:06:00.511" starttime="20170720 15:06:00.135" status="PASS"></status>
</kw>
<kw library="Selenium2Library" name="Element Should Contain">
<doc>Verify the element identified by &lt;b&gt;locator&lt;/b&gt; contains &lt;b&gt;text&lt;/b&gt;.&lt;br&gt;</doc>
<arguments>
<arg>id=divContentRoutesResults</arg>
<arg>Mõigu - Reisisadam (A-terminal)</arg>
</arguments>
<msg level="INFO" timestamp="20170720 15:06:00.868">Element Should Contain: M\xf5igu - Reisisadam (A-terminal) =&gt; OK</msg>
<status endtime="20170720 15:06:00.869" starttime="20170720 15:06:00.512" status="PASS"></status>
</kw>
<kw library="Selenium2Library" name="Element Should Contain">
<doc>Verify the element identified by &lt;b&gt;locator&lt;/b&gt; contains &lt;b&gt;text&lt;/b&gt;.&lt;br&gt;</doc>
<arguments>
<arg>id=divContentRoutesResults</arg>
<arg>Veerenni - Randla</arg>
</arguments>
<msg level="INFO" timestamp="20170720 15:06:01.213">Element Should Contain: Veerenni - Randla =&gt; OK</msg>
<status endtime="20170720 15:06:01.214" starttime="20170720 15:06:00.870" status="PASS"></status>
</kw>
<status endtime="20170720 15:06:01.215" starttime="20170720 15:06:00.122" status="PASS"></status>
</kw>
<status endtime="20170720 15:06:01.216" starttime="20170720 15:06:00.120" status="PASS"></status>
</kw>
<status critical="yes" endtime="20170720 15:06:01.217" starttime="20170720 15:05:52.151" status="PASS"></status>
</test>
<test name="Checking for a specific bus time" id="s1-s1-t2">
<kw name="Given browser in the newer version">
<kw library="resource" name="Open browser to newer page">
<kw library="Selenium2Library" name="Open Browser">
<doc>Opens a new browser instance to given URL.&lt;br&gt;</doc>
<arguments>
<arg>${SiteUrl}</arg>
<arg>${BROWSER}</arg>
</arguments>
<msg level="INFO" timestamp="20170720 15:06:01.232">browserName: chrome</msg>
<msg level="INFO" timestamp="20170720 15:06:01.234">Opening browser 'chrome' to base url 'https://transport.tallinn.ee/index.html'</msg>
<msg level="INFO" timestamp="20170720 15:06:04.789">Starting ChromeDriver 2.30.477700 (0057494ad8732195794a7b32078424f92a5fce41) on port 62573
Only local connections are allowed.</msg>
<status endtime="20170720 15:06:04.790" starttime="20170720 15:06:01.226" status="PASS"></status>
</kw>
<kw library="Selenium2Library" name="Maximize Browser Window">
<doc>Maximizes current browser window.&lt;br&gt;</doc>
<status endtime="20170720 15:06:05.926" starttime="20170720 15:06:04.791" status="PASS"></status>
</kw>
<kw library="Selenium2Library" name="Set Selenium Speed">
<doc>&lt;b&gt;(NOT IMPLEMENTED)&lt;/b&gt; Sets and returns the delay in seconds that is</doc>
<arguments>
<arg>${DELAY}</arg>
</arguments>
<status endtime="20170720 15:06:05.929" starttime="20170720 15:06:05.927" status="PASS"></status>
</kw>
<status endtime="20170720 15:06:05.929" starttime="20170720 15:06:01.223" status="PASS"></status>
</kw>
<status endtime="20170720 15:06:05.930" starttime="20170720 15:06:01.221" status="PASS"></status>
</kw>
<kw name="When User is in the newer version he clicks on a bus number &quot;18&quot; that he want's to ride">
<kw library="resource" name="My Bus">
<kw library="Selenium2Library" name="Click Element">
<doc>Click on the element identified by &lt;b&gt;locator&lt;/b&gt;.&lt;br&gt;</doc>
<arguments>
<arg>xpath=//a[@href="#bus/18/a-b"]</arg>
</arguments>
<msg level="INFO" timestamp="20170720 15:06:05.936">Clicking element 'xpath=//a[@href="#bus/18/a-b"]'.</msg>
<status endtime="20170720 15:06:06.048" starttime="20170720 15:06:05.933" status="PASS"></status>
</kw>
<kw library="Selenium2Library" name="Element Should Contain">
<doc>Verify the element identified by &lt;b&gt;locator&lt;/b&gt; contains &lt;b&gt;text&lt;/b&gt;.&lt;br&gt;</doc>
<arguments>
<arg>id=spanDir1</arg>
<arg>18Viru keskus - Laagri</arg>
</arguments>
<msg level="INFO" timestamp="20170720 15:06:06.103">Element Should Contain: 18Viru keskus - Laagri =&gt; OK</msg>
<status endtime="20170720 15:06:06.104" starttime="20170720 15:06:06.049" status="PASS"></status>
</kw>
<status endtime="20170720 15:06:06.105" starttime="20170720 15:06:05.932" status="PASS"></status>
</kw>
<status endtime="20170720 15:06:06.105" starttime="20170720 15:06:05.931" status="PASS"></status>
</kw>
<kw name="Then User checks if any bus goes at &quot;09:17&quot;">
<kw library="resource" name="Check for certain bus time">
<kw library="Selenium2Library" name="Click Element">
<doc>Click on the element identified by &lt;b&gt;locator&lt;/b&gt;.&lt;br&gt;</doc>
<arguments>
<arg>xpath=//a[@href="#bus/18/a-b/21211-1/22"]</arg>
</arguments>
<msg level="INFO" timestamp="20170720 15:06:06.110">Clicking element 'xpath=//a[@href="#bus/18/a-b/21211-1/22"]'.</msg>
<status endtime="20170720 15:06:06.189" starttime="20170720 15:06:06.108" status="PASS"></status>
</kw>
<kw library="Selenium2Library" name="Element Should Contain">
<doc>Verify the element identified by &lt;b&gt;locator&lt;/b&gt; contains &lt;b&gt;text&lt;/b&gt;.&lt;br&gt;</doc>
<arguments>
<arg>xpath=//a[@href="#bus/18/a-b/21211-1/22"]</arg>
<arg>9:17</arg>
<arg>Viru keskus 1</arg>
</arguments>
<msg level="INFO" timestamp="20170720 15:06:06.233">Element Should Contain: 9:17 =&gt; OK</msg>
<status endtime="20170720 15:06:06.234" starttime="20170720 15:06:06.190" status="PASS"></status>
</kw>
<kw library="BuiltIn" name="Sleep">
<doc>Pauses the test executed for the given time.</doc>
<arguments>
<arg>2s</arg>
</arguments>
<msg level="INFO" timestamp="20170720 15:06:08.237">Slept 2 seconds</msg>
<status endtime="20170720 15:06:08.238" starttime="20170720 15:06:06.235" status="PASS"></status>
</kw>
<status endtime="20170720 15:06:08.238" starttime="20170720 15:06:06.107" status="PASS"></status>
</kw>
<status endtime="20170720 15:06:08.239" starttime="20170720 15:06:06.106" status="PASS"></status>
</kw>
<status critical="yes" endtime="20170720 15:06:08.240" starttime="20170720 15:06:01.218" status="PASS"></status>
</test>
<test name="Adding certain busses to favorites" id="s1-s1-t3">
<kw name="Given browser in the newer version">
<kw library="resource" name="Open browser to newer page">
<kw library="Selenium2Library" name="Open Browser">
<doc>Opens a new browser instance to given URL.&lt;br&gt;</doc>
<arguments>
<arg>${SiteUrl}</arg>
<arg>${BROWSER}</arg>
</arguments>
<msg level="INFO" timestamp="20170720 15:06:08.247">browserName: chrome</msg>
<msg level="INFO" timestamp="20170720 15:06:08.249">Opening browser 'chrome' to base url 'https://transport.tallinn.ee/index.html'</msg>
<msg level="INFO" timestamp="20170720 15:06:12.499">Starting ChromeDriver 2.30.477700 (0057494ad8732195794a7b32078424f92a5fce41) on port 43475
Only local connections are allowed.</msg>
<status endtime="20170720 15:06:12.500" starttime="20170720 15:06:08.244" status="PASS"></status>
</kw>
<kw library="Selenium2Library" name="Maximize Browser Window">
<doc>Maximizes current browser window.&lt;br&gt;</doc>
<status endtime="20170720 15:06:13.637" starttime="20170720 15:06:12.501" status="PASS"></status>
</kw>
<kw library="Selenium2Library" name="Set Selenium Speed">
<doc>&lt;b&gt;(NOT IMPLEMENTED)&lt;/b&gt; Sets and returns the delay in seconds that is</doc>
<arguments>
<arg>${DELAY}</arg>
</arguments>
<status endtime="20170720 15:06:13.639" starttime="20170720 15:06:13.637" status="PASS"></status>
</kw>
<status endtime="20170720 15:06:13.639" starttime="20170720 15:06:08.243" status="PASS"></status>
</kw>
<status endtime="20170720 15:06:13.640" starttime="20170720 15:06:08.242" status="PASS"></status>
</kw>
<kw name="When User clicks on the favorite button to add his busses to favorites">
<kw library="resource" name="Add favorites">
<kw library="Selenium2Library" name="Click Button">
<doc>Click on the button identified by &lt;b&gt;locator&lt;/b&gt;.&lt;br&gt;</doc>
<arguments>
<arg>//*[@id="tblRoutes"]/tbody/tr[1]/td[4]/button</arg>
</arguments>
<msg level="INFO" timestamp="20170720 15:06:13.645">Clicking button '//*[@id="tblRoutes"]/tbody/tr[1]/td[4]/button'.</msg>
<status endtime="20170720 15:06:13.746" starttime="20170720 15:06:13.643" status="PASS"></status>
</kw>
<kw library="Selenium2Library" name="Click Button">
<doc>Click on the button identified by &lt;b&gt;locator&lt;/b&gt;.&lt;br&gt;</doc>
<arguments>
<arg>//*[@id="tblRoutes"]/tbody/tr[19]/td[4]/button</arg>
</arguments>
<msg level="INFO" timestamp="20170720 15:06:13.748">Clicking button '//*[@id="tblRoutes"]/tbody/tr[19]/td[4]/button'.</msg>
<status endtime="20170720 15:06:13.829" starttime="20170720 15:06:13.746" status="PASS"></status>
</kw>
<kw library="BuiltIn" name="Sleep">
<doc>Pauses the test executed for the given time.</doc>
<arguments>
<arg>1s</arg>
</arguments>
<msg level="INFO" timestamp="20170720 15:06:14.831">Slept 1 second</msg>
<status endtime="20170720 15:06:14.832" starttime="20170720 15:06:13.830" status="PASS"></status>
</kw>
<status endtime="20170720 15:06:14.832" starttime="20170720 15:06:13.641" status="PASS"></status>
</kw>
<status endtime="20170720 15:06:14.833" starttime="20170720 15:06:13.641" status="PASS"></status>
</kw>
<kw name="Then User goes to favorites and checks if they're there">
<kw library="resource" name="Go to Favorites">
<kw library="Selenium2Library" name="Click Element">
<doc>Click on the element identified by &lt;b&gt;locator&lt;/b&gt;.&lt;br&gt;</doc>
<arguments>
<arg>id=menuFavourites</arg>
</arguments>
<msg level="INFO" timestamp="20170720 15:06:14.838">Clicking element 'id=menuFavourites'.</msg>
<status endtime="20170720 15:06:14.913" starttime="20170720 15:06:14.836" status="PASS"></status>
</kw>
<kw library="Selenium2Library" name="Element Should Contain">
<doc>Verify the element identified by &lt;b&gt;locator&lt;/b&gt; contains &lt;b&gt;text&lt;/b&gt;.&lt;br&gt;</doc>
<arguments>
<arg>id=favourites</arg>
<arg>Viru keskus - Laagri</arg>
</arguments>
<msg level="INFO" timestamp="20170720 15:06:14.970">Element Should Contain: Viru keskus - Laagri =&gt; OK</msg>
<status endtime="20170720 15:06:14.971" starttime="20170720 15:06:14.915" status="PASS"></status>
</kw>
<kw library="Selenium2Library" name="Element Should Contain">
<doc>Verify the element identified by &lt;b&gt;locator&lt;/b&gt; contains &lt;b&gt;text&lt;/b&gt;.&lt;br&gt;</doc>
<arguments>
<arg>id=favourites</arg>
<arg>Viru keskus - Viimsi keskus</arg>
</arguments>
<msg level="INFO" timestamp="20170720 15:06:14.994">Element Should Contain: Viru keskus - Viimsi keskus =&gt; OK</msg>
<status endtime="20170720 15:06:14.995" starttime="20170720 15:06:14.971" status="PASS"></status>
</kw>
<status endtime="20170720 15:06:14.996" starttime="20170720 15:06:14.835" status="PASS"></status>
</kw>
<status endtime="20170720 15:06:14.997" starttime="20170720 15:06:14.834" status="PASS"></status>
</kw>
<status critical="yes" endtime="20170720 15:06:14.997" starttime="20170720 15:06:08.241" status="PASS"></status>
</test>
<status endtime="20170720 15:06:15.003" starttime="20170720 15:05:51.523" status="PASS"></status>
</suite>
<status endtime="20170720 15:06:15.019" starttime="20170720 15:05:51.343" status="PASS"></status>
</suite>
<statistics>
<total>
<stat pass="3" fail="0">Critical Tests</stat>
<stat pass="3" fail="0">All Tests</stat>
</total>
<tag>
</tag>
<suite>
<stat pass="3" fail="0" name="Acceptance" id="s1">Acceptance</stat>
<stat pass="3" fail="0" name="Gherkin" id="s1-s1">Acceptance.Gherkin</stat>
</suite>
</statistics>
<errors>
<msg level="ERROR" timestamp="20170720 15:05:52.144">Error in file 'C:\Github\autotests\src\test\robotframework\acceptance\gherkin.robot': Importing test library 'Selenium2library' failed: ImportError: No module named Selenium2library
Traceback (most recent call last):
  None
PYTHONPATH:
  C:\Users\Lemonz\.m2\repository\org\robotframework\robotframework\3.0.2\Lib
  C:\Users\Lemonz\.m2\repository\org\robotframework\robotframework\3.0.2\robotframework-3.0.2.jar\Lib
  __classpath__
  __pyclasspath__/
CLASSPATH:
  C:\Program Files\JetBrains\IntelliJ IDEA 2017.1.5\plugins\maven\lib\maven3\boot\plexus-classworlds-2.5.2.jar
  C:\Program Files\JetBrains\IntelliJ IDEA 2017.1.5\lib\idea_rt.jar</msg>
</errors>
</robot>
